<?xml version="1.0" encoding="UTF-8"?>
<!-- Generated by org.testng.reporters.JUnitReportReporter -->
<testsuite hostname="ChristyC" failures="0" tests="1" name="test.ListCustomerTest" time="18.415" errors="0" timestamp="2023-06-23T09:29:31 CDT" skipped="0">
  <testcase classname="test.ListCustomerTest" name="userShouldBeAbleAddCustomerFromListCustomer" time="18.415"/>
</testsuite> <!-- test.ListCustomerTest -->
