<?xml version="1.0" encoding="UTF-8"?>
<!-- Generated by org.testng.reporters.JUnitReportReporter -->
<testsuite hostname="ChristyC" failures="0" tests="1" name="test.LoginTest" time="3.984" errors="0" timestamp="2023-06-22T19:02:45 CDT" skipped="0">
  <testcase classname="test.LoginTest" name="userShouldBeAbleToLogin" time="3.984"/>
</testsuite> <!-- test.LoginTest -->
